<?xml version="1.0" encoding="UTF-8"?>
<!-- Generated by org.testng.reporters.JUnitReportReporter -->
<testsuite hostname="Sachin" name="TestCases.LoginTest" tests="1" failures="0" timestamp="5 Jan 2020 07:29:27 GMT" time="17.081" errors="0">
  <testcase name="Loginsign" time="17.081" classname="TestCases.LoginTest"/>
</testsuite> <!-- TestCases.LoginTest -->
