<?xml version="1.0" encoding="UTF-8"?>
<!-- Generated by org.testng.reporters.JUnitReportReporter -->
<testsuite hostname="Sachin" name="TestCases.Visibletext" tests="1" failures="0" timestamp="5 Jan 2020 07:29:27 GMT" time="0.710" errors="0">
  <testcase name="verifycontcatbar" time="0.710" classname="TestCases.Visibletext"/>
</testsuite> <!-- TestCases.Visibletext -->
