<?xml version="1.0" encoding="UTF-8"?>
<!-- Generated by org.testng.reporters.JUnitReportReporter -->
<testsuite skipped="0" hostname="Sachin" name="TestCases.Visibletext" tests="1" failures="0" timestamp="19 Nov 2019 18:58:31 GMT" time="0.113" errors="0">
  <testcase name="Loginverify" time="0.113" classname="TestCases.Visibletext"/>
</testsuite> <!-- TestCases.Visibletext -->
