<?xml version="1.0" encoding="UTF-8"?>
<!-- Generated by org.testng.reporters.JUnitReportReporter -->
<testsuite skipped="0" hostname="Sachin" name="TestCases.LoginTest" tests="1" failures="0" timestamp="19 Nov 2019 18:58:31 GMT" time="16.396" errors="0">
  <testcase name="Loginverify" time="16.396" classname="TestCases.LoginTest"/>
</testsuite> <!-- TestCases.LoginTest -->
